\BOOKMARK [1][-]{section.1}{\376\377\000I\000N\000T\000R\000O\000D\000U\000C\000T\000I\000O\000N}{}% 1
\BOOKMARK [1][-]{section.2}{\376\377\000A\000b\000o\000u\000t\000\040\000t\000h\000e\000\040\000b\000i\000r\000d\000s}{}% 2
\BOOKMARK [2][-]{subsection.2.1}{\376\377\000R\000E\000D}{section.2}% 3
\BOOKMARK [2][-]{subsection.2.2}{\376\377\000C\000H\000U\000C\000K}{section.2}% 4
\BOOKMARK [2][-]{subsection.2.3}{\376\377\000B\000L\000U\000E}{section.2}% 5
\BOOKMARK [2][-]{subsection.2.4}{\376\377\000B\000O\000M\000B}{section.2}% 6
\BOOKMARK [1][-]{section.3}{\376\377\000M\000O\000D\000U\000L\000E\000S}{}% 7
\BOOKMARK [1][-]{section.4}{\376\377\000D\000I\000R\000E\000C\000T\000O\000R\000Y\000\040\000S\000T\000R\000U\000C\000T\000U\000R\000E}{}% 8
\BOOKMARK [1][-]{section.5}{\376\377\000R\000u\000n\000n\000i\000n\000g\000\040\000I\000n\000s\000t\000r\000u\000c\000t\000i\000o\000n}{}% 9
\BOOKMARK [2][-]{subsection.5.1}{\376\377\000P\000r\000e\000-\000R\000e\000q\000u\000i\000s\000i\000t\000e\000s}{section.5}% 10
\BOOKMARK [2][-]{subsection.5.2}{\376\377\000G\000a\000m\000e\000\040\000N\000a\000v\000i\000g\000a\000t\000i\000o\000n\000\040\000a\000n\000d\000\040\000G\000a\000m\000e\000P\000l\000a\000y}{section.5}% 11
\BOOKMARK [3][-]{subsubsection.5.2.1}{\376\377\000L\000o\000a\000d\000i\000n\000g\000\040\000S\000c\000r\000e\000e\000n}{subsection.5.2}% 12
\BOOKMARK [3][-]{subsubsection.5.2.2}{\376\377\000G\000a\000m\000e\000\040\000S\000t\000a\000r\000t}{subsection.5.2}% 13
\BOOKMARK [3][-]{subsubsection.5.2.3}{\376\377\000P\000l\000a\000y\000e\000r\000\040\000N\000a\000m\000e\000\040\000I\000n\000p\000u\000t}{subsection.5.2}% 14
\BOOKMARK [3][-]{subsubsection.5.2.4}{\376\377\000C\000h\000o\000o\000s\000e\000\040\000B\000i\000r\000d\000s}{subsection.5.2}% 15
\BOOKMARK [2][-]{subsection.5.3}{\376\377\000P\000l\000a\000y\000e\000r\000\040\000V\000S\000\040\000P\000l\000a\000y\000e\000r}{section.5}% 16
\BOOKMARK [3][-]{subsubsection.5.3.1}{\376\377\000G\000a\000m\000e\000\040\000S\000t\000a\000r\000t\000s}{subsection.5.3}% 17
\BOOKMARK [2][-]{subsection.5.4}{\376\377\000P\000l\000a\000y\000i\000n\000g\000\040\000t\000h\000e\000\040\000g\000a\000m\000e}{section.5}% 18
\BOOKMARK [2][-]{subsection.5.5}{\376\377\000G\000a\000m\000e\000\040\000O\000v\000e\000r}{section.5}% 19
\BOOKMARK [2][-]{subsection.5.6}{\376\377\000V\000a\000r\000i\000o\000u\000s\000\040\000I\000m\000p\000l\000e\000m\000e\000n\000t\000a\000t\000i\000o\000n\000s\000\040\000I\000n\000\040\000T\000h\000e\000\040\000C\000o\000d\000e}{section.5}% 20
\BOOKMARK [3][-]{subsubsection.5.6.1}{\376\377\000C\000u\000s\000t\000o\000m\000i\000z\000a\000t\000i\000o\000n\000s\000\040\000i\000n\000\040\000t\000h\000e\000\040\000g\000a\000m\000e}{subsection.5.6}% 21
